25-03-05 15:59:11.314 : Model path: model_zoo\scunet_color_real_psnr.pth
25-03-05 15:59:11.316 : Params number: 17946072
25-03-05 15:59:11.316 : model_name:scunet_color_real_psnr
25-03-05 15:59:11.316 : C:/Users/cactu/PROJETOS/python/test/SCUNet/testsets/real3
25-03-05 15:59:11.317 :          #Params : 17.9461 [M]
25-03-05 15:59:11.317 : ---1--> Rain_1.jpg
25-03-05 15:59:16.056 : ---2--> Rain_10.jpg
25-03-05 15:59:20.781 : ---3--> Rain_11.jpg
25-03-05 15:59:25.998 : ---4--> Rain_12.jpg
25-03-05 15:59:31.660 : ---5--> Rain_13.jpg
25-03-05 15:59:37.313 : ---6--> Rain_14.jpg
25-03-05 15:59:42.649 : ---7--> Rain_15.jpg
25-03-05 15:59:47.415 : ---8--> Rain_16.jpg
25-03-05 15:59:52.080 : ---9--> Rain_17.jpg
25-03-05 15:59:57.199 : --10--> Rain_18.jpg
25-03-05 16:00:10.874 : --11--> Rain_19.jpg
25-03-05 16:00:27.371 : --12--> Rain_2.jpg
25-03-05 16:00:42.073 : --13--> Rain_3.jpg
25-03-05 16:00:58.238 : --14--> Rain_4.jpg
25-03-05 16:01:03.018 : --15--> Rain_5.jpg
25-03-05 16:01:07.626 : --16--> Rain_6.jpg
25-03-05 16:01:12.320 : --17--> Rain_7.jpg
25-03-05 16:01:16.942 : --18--> Rain_8.jpg
25-03-05 16:01:21.605 : --19--> Rain_9.jpg
