25-03-18 17:36:15.550 : Model path: model_zoo\scunet_color_real_psnr.pth
25-03-18 17:36:15.552 : Params number: 17946072
25-03-18 17:36:15.553 : model_name:scunet_color_real_psnr
25-03-18 17:36:15.553 : C:/Users/cactu/PROJETOS/python/aprimoramento_projeto/processed_Imags/Rain
25-03-18 17:36:15.555 :          #Params : 17.9461 [M]
25-03-18 17:36:15.555 : ---1--> Rain_1.jpg
25-03-18 17:36:22.532 : ---2--> Rain_10.jpg
25-03-18 17:36:29.286 : ---3--> Rain_11.jpg
25-03-18 17:36:37.464 : ---4--> Rain_12.jpg
25-03-18 17:37:08.364 : ---5--> Rain_13.jpg
25-03-18 17:37:45.048 : ---6--> Rain_14.jpg
25-03-18 17:38:15.510 : ---7--> Rain_15.jpg
25-03-18 17:38:53.708 : ---8--> Rain_16.jpg
25-03-18 17:39:31.379 : ---9--> Rain_17.jpg
25-03-18 17:40:09.069 : --10--> Rain_18.jpg
25-03-18 17:40:46.758 : --11--> Rain_19.jpg
25-03-18 17:41:24.575 : --12--> Rain_2.jpg
25-03-18 17:41:46.702 : --13--> Rain_3.jpg
25-03-18 17:41:54.276 : --14--> Rain_4.jpg
25-03-18 17:42:24.282 : --15--> Rain_5.jpg
25-03-18 17:43:02.865 : --16--> Rain_6.jpg
25-03-18 17:43:40.977 : --17--> Rain_7.jpg
25-03-18 17:44:18.685 : --18--> Rain_8.jpg
25-03-18 17:44:57.004 : --19--> Rain_9.jpg
